2020-09-28 19:34:21,294 INFO org.springframework.test.context.support.AbstractTestContextBootstrapper [main] Neither @ContextConfiguration nor @ContextHierarchy found for test class [com.del.PhoneBookAppApplicationTests], using SpringBootContextLoader
2020-09-28 19:34:21,355 INFO org.springframework.test.context.support.AbstractContextLoader [main] Could not detect default resource locations for test class [com.del.PhoneBookAppApplicationTests]: no resource found for suffixes {-context.xml, Context.groovy}.
2020-09-28 19:34:21,357 INFO org.springframework.test.context.support.AnnotationConfigContextLoaderUtils [main] Could not detect default configuration classes for test class [com.del.PhoneBookAppApplicationTests]: PhoneBookAppApplicationTests does not declare any static, non-private, non-final, nested classes annotated with @Configuration.
2020-09-28 19:34:22,584 INFO org.springframework.boot.test.context.SpringBootTestContextBootstrapper [main] Found @SpringBootConfiguration com.del.PhoneBookAppApplication for test class com.del.PhoneBookAppApplicationTests
2020-09-28 19:34:23,271 INFO org.springframework.test.context.support.AbstractTestContextBootstrapper [main] Loaded default TestExecutionListener class names from location [META-INF/spring.factories]: [org.springframework.boot.test.mock.mockito.MockitoTestExecutionListener, org.springframework.boot.test.mock.mockito.ResetMocksTestExecutionListener, org.springframework.boot.test.autoconfigure.restdocs.RestDocsTestExecutionListener, org.springframework.boot.test.autoconfigure.web.client.MockRestServiceServerResetTestExecutionListener, org.springframework.boot.test.autoconfigure.web.servlet.MockMvcPrintOnlyOnFailureTestExecutionListener, org.springframework.boot.test.autoconfigure.web.servlet.WebDriverTestExecutionListener, org.springframework.boot.test.autoconfigure.webservices.client.MockWebServiceServerTestExecutionListener, org.springframework.test.context.web.ServletTestExecutionListener, org.springframework.test.context.support.DirtiesContextBeforeModesTestExecutionListener, org.springframework.test.context.support.DependencyInjectionTestExecutionListener, org.springframework.test.context.support.DirtiesContextTestExecutionListener, org.springframework.test.context.transaction.TransactionalTestExecutionListener, org.springframework.test.context.jdbc.SqlScriptsTestExecutionListener, org.springframework.test.context.event.EventPublishingTestExecutionListener]
2020-09-28 19:34:23,459 INFO org.springframework.test.context.support.AbstractTestContextBootstrapper [main] Using TestExecutionListeners: [org.springframework.test.context.web.ServletTestExecutionListener@287ea3, org.springframework.test.context.support.DirtiesContextBeforeModesTestExecutionListener@17758be, org.springframework.boot.test.mock.mockito.MockitoTestExecutionListener@1dd8394, org.springframework.boot.test.autoconfigure.SpringBootDependencyInjectionTestExecutionListener@19edf14, org.springframework.test.context.support.DirtiesContextTestExecutionListener@746f22, org.springframework.test.context.transaction.TransactionalTestExecutionListener@101783a, org.springframework.test.context.jdbc.SqlScriptsTestExecutionListener@878f6d, org.springframework.test.context.event.EventPublishingTestExecutionListener@1488b16, org.springframework.boot.test.mock.mockito.ResetMocksTestExecutionListener@8ef162, org.springframework.boot.test.autoconfigure.restdocs.RestDocsTestExecutionListener@ea88a1, org.springframework.boot.test.autoconfigure.web.client.MockRestServiceServerResetTestExecutionListener@c296f6, org.springframework.boot.test.autoconfigure.web.servlet.MockMvcPrintOnlyOnFailureTestExecutionListener@1d7a283, org.springframework.boot.test.autoconfigure.web.servlet.WebDriverTestExecutionListener@2f59fa, org.springframework.boot.test.autoconfigure.webservices.client.MockWebServiceServerTestExecutionListener@fa769e]
2020-09-28 19:34:25,806 INFO org.springframework.boot.StartupInfoLogger [main] Starting PhoneBookAppApplicationTests on DESKTOP-EM0Q081 with PID 12548 (started by neha in D:\JavaRealTimeProject\PhoneBookApp)
2020-09-28 19:34:25,809 INFO org.springframework.boot.SpringApplication [main] No active profile set, falling back to default profiles: default
2020-09-28 19:34:30,300 INFO org.springframework.data.repository.config.RepositoryConfigurationDelegate [main] Bootstrapping Spring Data JPA repositories in DEFERRED mode.
2020-09-28 19:34:30,740 INFO org.springframework.data.repository.config.RepositoryConfigurationDelegate [main] Finished Spring Data repository scanning in 395ms. Found 1 JPA repository interfaces.
2020-09-28 19:34:34,670 INFO org.springframework.scheduling.concurrent.ExecutorConfigurationSupport [main] Initializing ExecutorService 'applicationTaskExecutor'
2020-09-28 19:34:35,499 INFO org.hibernate.jpa.internal.util.LogHelper [task-1] HHH000204: Processing PersistenceUnitInfo [name: default]
2020-09-28 19:34:37,702 INFO org.hibernate.Version [task-1] HHH000412: Hibernate ORM core version 5.4.20.Final
2020-09-28 19:34:39,506 WARN org.springframework.boot.autoconfigure.orm.jpa.JpaBaseConfiguration$JpaWebConfiguration [main] spring.jpa.open-in-view is enabled by default. Therefore, database queries may be performed during view rendering. Explicitly configure spring.jpa.open-in-view to disable this warning
2020-09-28 19:34:40,193 INFO org.hibernate.annotations.common.reflection.java.JavaReflectionManager [task-1] HCANN000001: Hibernate Commons Annotations {5.1.0.Final}
2020-09-28 19:34:42,743 INFO org.springframework.boot.autoconfigure.web.servlet.WelcomePageHandlerMapping [main] Adding welcome page template: index
2020-09-28 19:34:43,270 INFO com.zaxxer.hikari.HikariDataSource [task-1] HikariPool-1 - Starting...
2020-09-28 19:34:43,280 WARN com.zaxxer.hikari.util.DriverDataSource [task-1] Registered driver with driverClassName=oracle.jdbc.driver.OracleDriver was not found, trying direct instantiation.
2020-09-28 19:34:44,790 INFO org.springframework.data.repository.config.DeferredRepositoryInitializationListener [main] Triggering deferred initialization of Spring Data repositories…
2020-09-28 19:34:52,760 INFO com.zaxxer.hikari.HikariDataSource [task-1] HikariPool-1 - Start completed.
2020-09-28 19:34:53,382 INFO org.hibernate.dialect.Dialect [task-1] HHH000400: Using dialect: org.hibernate.dialect.Oracle10gDialect
2020-09-28 19:35:10,478 INFO org.hibernate.engine.transaction.jta.platform.internal.JtaPlatformInitiator [task-1] HHH000490: Using JtaPlatform implementation: [org.hibernate.engine.transaction.jta.platform.internal.NoJtaPlatform]
2020-09-28 19:35:10,540 INFO org.springframework.orm.jpa.AbstractEntityManagerFactoryBean [task-1] Initialized JPA EntityManagerFactory for persistence unit 'default'
2020-09-28 19:35:11,728 INFO org.springframework.data.repository.config.DeferredRepositoryInitializationListener [main] Spring Data repositories initialized!
2020-09-28 19:35:11,761 INFO org.springframework.boot.StartupInfoLogger [main] Started PhoneBookAppApplicationTests in 47.914 seconds (JVM running for 57.381)
2020-09-28 19:35:12,346 INFO org.springframework.orm.jpa.AbstractEntityManagerFactoryBean [SpringContextShutdownHook] Closing JPA EntityManagerFactory for persistence unit 'default'
2020-09-28 19:35:12,352 INFO org.springframework.scheduling.concurrent.ExecutorConfigurationSupport [SpringContextShutdownHook] Shutting down ExecutorService 'applicationTaskExecutor'
2020-09-28 19:35:12,354 INFO com.zaxxer.hikari.HikariDataSource [SpringContextShutdownHook] HikariPool-1 - Shutdown initiated...
2020-09-28 19:35:12,507 INFO com.zaxxer.hikari.HikariDataSource [SpringContextShutdownHook] HikariPool-1 - Shutdown completed.
